[2024-02-2614:48:34] [ INFO ] [AvionDAO:35] Se ha insertado un nuevo avion
[2024-02-2615:03:14] [ INFO ] [AvionDAO:36] Se ha insertado un nuevo avion
[2024-02-2615:30:29] [ INFO ] [AvionDAO:37] Se ha insertado un nuevo avion
[2024-02-2615:31:46] [ INFO ] [AvionDAO:37] Se ha insertado un nuevo avion
[2024-02-2615:32:17] [ INFO ] [AvionDAO:37] Se ha insertado un nuevo avion
[2024-02-2615:35:13] [ INFO ] [AvionDAO:37] Se ha insertado un nuevo avion
[2024-02-2615:38:30] [ INFO ] [AvionDAO:37] Se ha insertado un nuevo avion
[2024-02-2615:38:30] [ INFO ] [AvionDAO:71] Se ha encontrado el avion Model.Avion@49139829
[2024-02-2615:39:15] [ INFO ] [AvionDAO:37] Se ha insertado un nuevo avion
[2024-02-2615:40:21] [ INFO ] [AvionDAO:37] Se ha insertado un nuevo avion
[2024-02-2615:40:21] [ INFO ] [AvionDAO:72] Se ha encontrado el avion
[2024-02-2615:42:00] [ INFO ] [AvionDAO:37] Se ha insertado un nuevo avion
[2024-02-2615:42:00] [ INFO ] [AvionDAO:73] Se ha encontrado el avion
[2024-02-2615:47:05] [ INFO ] [AvionDAO:37] Se ha insertado un nuevo avion
[2024-02-2615:47:05] [ INFO ] [AvionDAO:73] Se ha encontrado el avion
[2024-02-2615:49:31] [ INFO ] [AvionDAO:37] Se ha insertado un nuevo avion
[2024-02-2615:49:31] [ INFO ] [AvionDAO:78] Se ha encontrado el avion
[2024-02-2615:51:09] [ INFO ] [AvionDAO:37] Se ha insertado un nuevo avion
[2024-02-2615:51:09] [ INFO ] [AvionDAO:37] Se ha insertado un nuevo avion
[2024-02-2615:51:09] [ INFO ] [AvionDAO:78] Se ha encontrado el avion
[2024-02-2615:51:22] [ INFO ] [AvionDAO:37] Se ha insertado un nuevo avion
[2024-02-2615:51:22] [ INFO ] [AvionDAO:37] Se ha insertado un nuevo avion
[2024-02-2615:51:22] [ INFO ] [AvionDAO:78] Se ha encontrado el avion
[2024-02-2616:00:09] [ INFO ] [AvionDAO:37] Se ha insertado un nuevo avion
[2024-02-2616:00:09] [ INFO ] [AvionDAO:37] Se ha insertado un nuevo avion
[2024-02-2616:00:09] [ INFO ] [AvionDAO:78] Se ha encontrado el avion
[2024-02-2616:00:09] [ INFO ] [AvionDAO:98] Se elimino el avion de la BD
[2024-02-2616:00:29] [ INFO ] [AvionDAO:37] Se ha insertado un nuevo avion
[2024-02-2616:00:29] [ INFO ] [AvionDAO:37] Se ha insertado un nuevo avion
[2024-02-2616:00:29] [ INFO ] [AvionDAO:78] Se ha encontrado el avion
[2024-02-2616:00:29] [ INFO ] [AvionDAO:98] Se elimino el avion de la BD
[2024-02-2616:00:29] [ INFO ] [AvionDAO:78] Se ha encontrado el avion
[2024-02-2621:31:45] [ INFO ] [AvionDAO:39] Se ha insertado un nuevo avion
[2024-02-2621:31:45] [ INFO ] [AvionDAO:39] Se ha insertado un nuevo avion
[2024-02-2621:31:45] [ INFO ] [AvionDAO:80] Se ha encontrado el avion
[2024-02-2621:32:14] [ INFO ] [AvionDAO:39] Se ha insertado un nuevo avion
[2024-02-2621:32:14] [ INFO ] [AvionDAO:39] Se ha insertado un nuevo avion
[2024-02-2621:32:14] [ INFO ] [AvionDAO:39] Se ha insertado un nuevo avion
[2024-02-2621:32:14] [ INFO ] [AvionDAO:39] Se ha insertado un nuevo avion
[2024-02-2621:32:14] [ INFO ] [AvionDAO:39] Se ha insertado un nuevo avion
[2024-02-2621:32:14] [ INFO ] [AvionDAO:80] Se ha encontrado el avion
[2024-02-2621:32:53] [ INFO ] [AvionDAO:39] Se ha insertado un nuevo avion
[2024-02-2621:32:53] [ INFO ] [AvionDAO:39] Se ha insertado un nuevo avion
[2024-02-2621:32:53] [ INFO ] [AvionDAO:39] Se ha insertado un nuevo avion
[2024-02-2621:32:53] [ INFO ] [AvionDAO:39] Se ha insertado un nuevo avion
[2024-02-2621:32:53] [ INFO ] [AvionDAO:39] Se ha insertado un nuevo avion
[2024-02-2621:32:53] [ INFO ] [AvionDAO:80] Se ha encontrado el avion
[2024-02-2621:32:53] [ INFO ] [AvionDAO:129] Hay cargados en la BD de aviones: 5 aviones
[2024-02-2621:33:17] [ INFO ] [AvionDAO:39] Se ha insertado un nuevo avion
[2024-02-2621:33:17] [ INFO ] [AvionDAO:39] Se ha insertado un nuevo avion
[2024-02-2621:33:17] [ INFO ] [AvionDAO:39] Se ha insertado un nuevo avion
[2024-02-2621:33:17] [ INFO ] [AvionDAO:39] Se ha insertado un nuevo avion
[2024-02-2621:33:17] [ INFO ] [AvionDAO:39] Se ha insertado un nuevo avion
[2024-02-2621:33:17] [ INFO ] [AvionDAO:80] Se ha encontrado el avion
[2024-02-2621:33:17] [ INFO ] [AvionDAO:129] Hay cargados en la BD de aviones: 5 aviones
[2024-02-2621:33:17] [ INFO ] [AvionDAO:100] Se elimino el avion de la BD
[2024-02-2621:33:17] [ INFO ] [AvionDAO:129] Hay cargados en la BD de aviones: 4 aviones
